[debug] [2025-07-27T22:56:52.630Z] ----------------------------------------------------------------------
[debug] [2025-07-27T22:56:52.636Z] Command:       C:\nvm4w\nodejs\node.exe C:\nvm4w\nodejs\node_modules\firebase-tools\lib\bin\firebase.js serve --only hosting --port 5000
[debug] [2025-07-27T22:56:52.638Z] CLI Version:   14.11.1
[debug] [2025-07-27T22:56:52.638Z] Platform:      win32
[debug] [2025-07-27T22:56:52.638Z] Node Version:  v22.17.0
[debug] [2025-07-27T22:56:52.639Z] Time:          Sun Jul 27 2025 16:56:52 GMT-0600 (hora estándar central)
[debug] [2025-07-27T22:56:52.639Z] ----------------------------------------------------------------------
[debug] 
[debug] [2025-07-27T22:56:53.243Z] Object "" in "firebase.json" has unknown property: {"additionalProperty":"projects"}
[debug] [2025-07-27T22:56:53.255Z] > command requires scopes: ["email","openid","https://www.googleapis.com/auth/cloudplatformprojects.readonly","https://www.googleapis.com/auth/firebase","https://www.googleapis.com/auth/cloud-platform"]
[debug] [2025-07-27T22:56:53.255Z] > authorizing via signed-in user (eugenfw@gmail.com)
[debug] [2025-07-27T22:56:53.256Z] [iam] checking project ya-me-vi for permissions ["firebase.projects.get"]
[debug] [2025-07-27T22:56:53.257Z] Checked if tokens are valid: true, expires at: 1753660574925
[debug] [2025-07-27T22:56:53.258Z] Checked if tokens are valid: true, expires at: 1753660574925
[debug] [2025-07-27T22:56:53.260Z] >>> [apiv2][query] POST https://cloudresourcemanager.googleapis.com/v1/projects/ya-me-vi:testIamPermissions [none]
[debug] [2025-07-27T22:56:53.261Z] >>> [apiv2][(partial)header] POST https://cloudresourcemanager.googleapis.com/v1/projects/ya-me-vi:testIamPermissions x-goog-quota-user=projects/ya-me-vi
[debug] [2025-07-27T22:56:53.262Z] >>> [apiv2][body] POST https://cloudresourcemanager.googleapis.com/v1/projects/ya-me-vi:testIamPermissions {"permissions":["firebase.projects.get"]}
[debug] [2025-07-27T22:56:53.473Z] <<< [apiv2][status] POST https://cloudresourcemanager.googleapis.com/v1/projects/ya-me-vi:testIamPermissions 200
[debug] [2025-07-27T22:56:53.474Z] <<< [apiv2][body] POST https://cloudresourcemanager.googleapis.com/v1/projects/ya-me-vi:testIamPermissions {"permissions":["firebase.projects.get"]}
[debug] [2025-07-27T22:56:53.475Z] Checked if tokens are valid: true, expires at: 1753660574925
[debug] [2025-07-27T22:56:53.475Z] Checked if tokens are valid: true, expires at: 1753660574925
[debug] [2025-07-27T22:56:53.475Z] >>> [apiv2][query] GET https://cloudresourcemanager.googleapis.com/v1/projects/ya-me-vi [none]
[debug] [2025-07-27T22:56:53.575Z] <<< [apiv2][status] GET https://cloudresourcemanager.googleapis.com/v1/projects/ya-me-vi 200
[debug] [2025-07-27T22:56:53.575Z] <<< [apiv2][body] GET https://cloudresourcemanager.googleapis.com/v1/projects/ya-me-vi {"projectNumber":"748876890843","projectId":"ya-me-vi","lifecycleState":"ACTIVE","name":"YA ME VI","labels":{"firebase":"enabled","firebase-core":"disabled"},"createTime":"2025-07-04T22:50:58.023568Z"}
[debug] [2025-07-27T22:56:53.579Z] Checked if tokens are valid: true, expires at: 1753660574925
[debug] [2025-07-27T22:56:53.579Z] Checked if tokens are valid: true, expires at: 1753660574925
[debug] [2025-07-27T22:56:53.579Z] >>> [apiv2][query] GET https://firebasehosting.googleapis.com/v1beta1/projects/ya-me-vi/sites 
[debug] [2025-07-27T22:56:54.081Z] <<< [apiv2][status] GET https://firebasehosting.googleapis.com/v1beta1/projects/ya-me-vi/sites 200
[debug] [2025-07-27T22:56:54.082Z] <<< [apiv2][body] GET https://firebasehosting.googleapis.com/v1beta1/projects/ya-me-vi/sites {"sites":[{"name":"projects/ya-me-vi/sites/ya-me-vi","defaultUrl":"https://ya-me-vi.web.app","type":"DEFAULT_SITE"}]}
[debug] [2025-07-27T22:56:54.082Z] Checked if tokens are valid: true, expires at: 1753660574925
[debug] [2025-07-27T22:56:54.082Z] Checked if tokens are valid: true, expires at: 1753660574925
[debug] [2025-07-27T22:56:54.082Z] >>> [apiv2][query] GET https://firebase.googleapis.com/v1beta1/projects/ya-me-vi/webApps/-/config [none]
[debug] [2025-07-27T22:56:54.476Z] <<< [apiv2][status] GET https://firebase.googleapis.com/v1beta1/projects/ya-me-vi/webApps/-/config 200
[debug] [2025-07-27T22:56:54.476Z] <<< [apiv2][body] GET https://firebase.googleapis.com/v1beta1/projects/ya-me-vi/webApps/-/config {"projectId":"ya-me-vi","appId":"1:748876890843:web:070d1eb476d38594d002fe","storageBucket":"ya-me-vi.firebasestorage.app","apiKey":"AIzaSyB4bCGyyPuQo-3-ONMPFKtqPEJDFl8Cb54","authDomain":"ya-me-vi.firebaseapp.com","messagingSenderId":"748876890843","measurementId":"G-D7R797S5BC"}
[debug] [2025-07-27T22:56:54.550Z] Checked if tokens are valid: true, expires at: 1753660574925
[debug] [2025-07-27T22:56:54.550Z] Checked if tokens are valid: true, expires at: 1753660574925
[debug] [2025-07-27T22:56:54.551Z] >>> [apiv2][query] GET https://firebase.googleapis.com/v1beta1/projects/ya-me-vi [none]
[debug] [2025-07-27T22:56:54.838Z] <<< [apiv2][status] GET https://firebase.googleapis.com/v1beta1/projects/ya-me-vi 200
[debug] [2025-07-27T22:56:54.839Z] <<< [apiv2][body] GET https://firebase.googleapis.com/v1beta1/projects/ya-me-vi {"projectId":"ya-me-vi","projectNumber":"748876890843","displayName":"YA ME VI","name":"projects/ya-me-vi","resources":{"hostingSite":"ya-me-vi"},"state":"ACTIVE","etag":"1_bace95f7-e86b-4408-92c9-86347918d03d"}
[info] +  hosting[ya-me-vi]: Local server: http://localhost:5000 {"metadata":{"emulator":{"name":"hosting"},"message":"Local server: \u001b[4m\u001b[1mhttp://localhost:5000\u001b[22m\u001b[24m"}}
